Build started 7/12/2013 9:59:55 AM.
     1>Project "C:\cygwin\home\Pranav\Track\Track\Track\Track.vcxproj" on node 2 (build target(s)).
     1>InitializeBuildStatus:
         Touching "Debug\Track.unsuccessfulbuild".
       ClCompile:
         All outputs are up-to-date.
       ManifestResourceCompile:
         All outputs are up-to-date.
       Link:
         C:\Program Files (x86)\Microsoft Visual Studio 10.0\VC\bin\link.exe /ERRORREPORT:PROMPT /OUT:"C:\cygwin\home\Pranav\Track\Track\Debug\Track.exe" /INCREMENTAL /NOLOGO /LIBPATH:C:\Python27\libs kernel32.lib user32.lib gdi32.lib winspool.lib comdlg32.lib advapi32.lib shell32.lib ole32.lib oleaut32.lib uuid.lib odbc32.lib odbccp32.lib /MANIFEST /ManifestFile:"Debug\Track.exe.intermediate.manifest" /MANIFESTUAC:"level='asInvoker' uiAccess='false'" /DEBUG /PDB:"C:\cygwin\home\Pranav\Track\Track\Debug\Track.pdb" /SUBSYSTEM:CONSOLE /TLBID:1 /DYNAMICBASE /NXCOMPAT /IMPLIB:"C:\cygwin\home\Pranav\Track\Track\Debug\Track.lib" /MACHINE:X86 Debug\Track.exe.embed.manifest.res
         Debug\stdafx.obj
         Debug\Track.obj
     1>LINK : fatal error LNK1104: cannot open file 'python27_d.lib'
     1>Done Building Project "C:\cygwin\home\Pranav\Track\Track\Track\Track.vcxproj" (build target(s)) -- FAILED.

Build FAILED.

Time Elapsed 00:00:00.08
